#
# There is insufficient memory for the Java Runtime Environment to continue.
# Native memory allocation (malloc) failed to allocate 1438896 bytes for Chunk::new
# Possible reasons:
#   The system is out of physical RAM or swap space
#   The process is running with CompressedOops enabled, and the Java Heap may be blocking the growth of the native heap
# Possible solutions:
#   Reduce memory load on the system
#   Increase physical memory or swap space
#   Check if swap backing store is full
#   Decrease Java heap size (-Xmx/-Xms)
#   Decrease number of Java threads
#   Decrease Java thread stack sizes (-Xss)
#   Set larger code cache with -XX:ReservedCodeCacheSize=
#   JVM is running with Unscaled Compressed Oops mode in which the Java heap is
#     placed in the first 4GB address space. The Java Heap base address is the
#     maximum limit for the native heap growth. Please use -XX:HeapBaseMinAddress
#     to set the Java Heap base and to place the Java Heap above 4GB virtual address.
# This output file may be truncated or incomplete.
#
#  Out of Memory Error (allocation.cpp:389), pid=14892, tid=0x00000000000053b4
#
# JRE version: OpenJDK Runtime Environment (8.0_202-b03) (build 1.8.0_202-release-1483-b03)
# Java VM: OpenJDK 64-Bit Server VM (25.202-b03 mixed mode windows-amd64 compressed oops)
# Failed to write core dump. Minidumps are not enabled by default on client versions of Windows
#

---------------  T H R E A D  ---------------

Current thread (0x0000000018061800):  JavaThread "C2 CompilerThread2" daemon [_thread_in_native, id=21428, stack(0x0000000018b60000,0x0000000018c60000)]

Stack: [0x0000000018b60000,0x0000000018c60000]
[error occurred during error reporting (printing stack bounds), id 0xc0000005]

Native frames: (J=compiled Java code, j=interpreted, Vv=VM code, C=native code)


Current CompileTask:
C2:30507834 59455       4       com.android.tools.r8.ir.code.Value::a (186 bytes)


---------------  P R O C E S S  ---------------

Java Threads: ( => current thread )
  0x00000000272c6800 JavaThread "RMI TCP Connection(216)-127.0.0.1" daemon [_thread_in_native, id=23524, stack(0x00000000410e0000,0x00000000411e0000)]
  0x000000001b149800 JavaThread "RMI Reaper" [_thread_blocked, id=23504, stack(0x0000000044340000,0x0000000044440000)]
  0x0000000027f84000 JavaThread "RMI TCP Accept-0" daemon [_thread_in_native, id=23500, stack(0x0000000044240000,0x0000000044340000)]
  0x000000001ff63800 JavaThread "GC Daemon" daemon [_thread_blocked, id=23416, stack(0x0000000040ee0000,0x0000000040fe0000)]
  0x000000001ff62800 JavaThread "RMI RenewClean-[127.0.0.1:17926,org.jetbrains.kotlin.daemon.common.LoopbackNetworkInterface$ClientLoopbackSocketFactory@5d11fede]" daemon [_thread_blocked, id=23412, stack(0x00000000407d0000,0x00000000408d0000)]
  0x0000000027f82000 JavaThread "stdout" [_thread_in_native, id=22752, stack(0x0000000041990000,0x0000000041a90000)]
  0x0000000027f79800 JavaThread "stderr" [_thread_in_native, id=22748, stack(0x0000000041890000,0x0000000041990000)]
  0x000000001dcb9800 JavaThread "stdout" [_thread_in_native, id=22720, stack(0x0000000041790000,0x0000000041890000)]
  0x000000001dcb6000 JavaThread "stderr" [_thread_in_native, id=22716, stack(0x0000000041690000,0x0000000041790000)]
  0x000000001dcb9000 JavaThread "stdout" [_thread_in_native, id=22688, stack(0x0000000041590000,0x0000000041690000)]
  0x000000001dcbb000 JavaThread "stderr" [_thread_in_native, id=22684, stack(0x0000000041490000,0x0000000041590000)]
  0x000000001dcae000 JavaThread "stdout" [_thread_in_native, id=22656, stack(0x0000000041390000,0x0000000041490000)]
  0x000000001dcad800 JavaThread "stderr" [_thread_in_native, id=22652, stack(0x0000000041290000,0x0000000041390000)]
  0x000000001dcb3800 JavaThread "stdout" [_thread_in_native, id=22648, stack(0x0000000040fe0000,0x00000000410e0000)]
  0x000000001dcb1000 JavaThread "stderr" [_thread_in_native, id=22644, stack(0x000000003baf0000,0x000000003bbf0000)]
  0x00000000237f2000 JavaThread "WorkerExecutor Queue Thread 6" [_thread_blocked, id=22620, stack(0x0000000040de0000,0x0000000040ee0000)]
  0x00000000237eb800 JavaThread "WorkerExecutor Queue Thread 5" [_thread_blocked, id=22616, stack(0x0000000040ce0000,0x0000000040de0000)]
  0x00000000237ef000 JavaThread "WorkerExecutor Queue Thread 4" [_thread_blocked, id=22604, stack(0x0000000040ad0000,0x0000000040bd0000)]
  0x00000000237ed800 JavaThread "pool-92-thread-1" [_thread_blocked, id=22600, stack(0x00000000409d0000,0x0000000040ad0000)]
  0x00000000237f1800 JavaThread "WorkerExecutor Queue Thread 3" [_thread_blocked, id=22596, stack(0x00000000408d0000,0x00000000409d0000)]
  0x000000001b14a000 JavaThread "WorkerExecutor Queue" [_thread_blocked, id=22588, stack(0x000000003be90000,0x000000003bf90000)]
  0x000000001b148000 JavaThread "Cache worker for execution history cache (D:\2csSIL\S2\TDM2\serie1\exo3\tdm2exo3\.gradle\5.4.1\executionHistory)" [_thread_blocked, id=21312, stack(0x0000000040be0000,0x0000000040ce0000)]
  0x000000001b143800 JavaThread "Execution worker for ':' Thread 7" [_thread_in_Java, id=22184, stack(0x00000000406d0000,0x00000000407d0000)]
  0x000000001b13b000 JavaThread "Execution worker for ':' Thread 6" [_thread_blocked, id=22192, stack(0x00000000405d0000,0x00000000406d0000)]
  0x000000001b142000 JavaThread "Execution worker for ':' Thread 5" [_thread_blocked, id=19904, stack(0x00000000404d0000,0x00000000405d0000)]
  0x000000001b141000 JavaThread "Execution worker for ':' Thread 4" [_thread_blocked, id=21560, stack(0x00000000403d0000,0x00000000404d0000)]
  0x0000000029b77800 JavaThread "Execution worker for ':' Thread 3" [_thread_blocked, id=21592, stack(0x000000003f2c0000,0x000000003f3c0000)]
  0x0000000029b71800 JavaThread "Execution worker for ':' Thread 2" [_thread_in_native, id=5576, stack(0x000000003d490000,0x000000003d590000)]
  0x0000000029b77000 JavaThread "Execution worker for ':'" [_thread_blocked, id=22280, stack(0x000000003c880000,0x000000003c980000)]
  0x0000000029b76000 JavaThread "Cache worker for file content cache (D:\2csSIL\S2\TDM2\serie1\exo3\tdm2exo3\.gradle\5.4.1\fileContent)" [_thread_blocked, id=21992, stack(0x0000000038f30000,0x0000000039030000)]
  0x0000000029b75800 JavaThread "Cache worker for Build Output Cleanup Cache (D:\2csSIL\S2\TDM2\serie1\exo3\tdm2exo3\.gradle\buildOutputCleanup)" [_thread_blocked, id=13336, stack(0x00000000325a0000,0x00000000326a0000)]
  0x0000000029b74800 JavaThread "pool-91-thread-1" [_thread_blocked, id=19632, stack(0x0000000031cc0000,0x0000000031dc0000)]
  0x0000000029b69800 JavaThread "Build operations Thread 8" [_thread_blocked, id=1292, stack(0x0000000030fc0000,0x00000000310c0000)]
  0x0000000029b6e000 JavaThread "Build operations Thread 7" [_thread_blocked, id=20604, stack(0x0000000030ab0000,0x0000000030bb0000)]
  0x0000000029b68800 JavaThread "Build operations Thread 6" [_thread_blocked, id=20844, stack(0x00000000301b0000,0x00000000302b0000)]
  0x0000000029b6c800 JavaThread "Build operations Thread 5" [_thread_blocked, id=19404, stack(0x000000002f160000,0x000000002f260000)]
  0x0000000029b6a000 JavaThread "Build operations Thread 4" [_thread_blocked, id=5304, stack(0x000000002ee60000,0x000000002ef60000)]
  0x0000000029b6b800 JavaThread "Build operations Thread 3" [_thread_blocked, id=15944, stack(0x000000002ba20000,0x000000002bb20000)]
  0x0000000029b6f800 JavaThread "Build operations Thread 2" [_thread_blocked, id=5092, stack(0x000000002b660000,0x000000002b760000)]
  0x0000000029b6d000 JavaThread "Build operations" [_thread_blocked, id=11992, stack(0x000000002b360000,0x000000002b460000)]
  0x0000000023481800 JavaThread "Cache worker for cache directory md-rule (C:\Users\THINK PRO\.gradle\caches\5.4.1\md-rule)" [_thread_blocked, id=21816, stack(0x000000002a560000,0x000000002a660000)]
  0x0000000023488000 JavaThread "Cache worker for cache directory md-supplier (C:\Users\THINK PRO\.gradle\caches\5.4.1\md-supplier)" [_thread_blocked, id=9192, stack(0x0000000025ab0000,0x0000000025bb0000)]
  0x0000000023486000 JavaThread "Cache worker for file hash cache (D:\2csSIL\S2\TDM2\serie1\exo3\tdm2exo3\.gradle\5.4.1\fileHashes)" [_thread_blocked, id=22432, stack(0x0000000023e90000,0x0000000023f90000)]
  0x0000000023485000 JavaThread "Thread-1336" [_thread_blocked, id=21152, stack(0x0000000023b90000,0x0000000023c90000)]
  0x0000000023483000 JavaThread "Stdin handler" [_thread_blocked, id=21980, stack(0x0000000022a20000,0x0000000022b20000)]
  0x0000000023480800 JavaThread "Asynchronous log dispatcher for DefaultDaemonConnection: socket connection from /127.0.0.1:58081 to /127.0.0.1:53592" [_thread_blocked, id=15020, stack(0x0000000022300000,0x0000000022400000)]
  0x0000000023487800 JavaThread "Cancel handler" [_thread_blocked, id=17992, stack(0x000000001c4f0000,0x000000001c5f0000)]
  0x0000000023480000 JavaThread "Handler for socket connection from /127.0.0.1:58081 to /127.0.0.1:53592" [_thread_in_native, id=21912, stack(0x000000001c1f0000,0x000000001c2f0000)]
  0x000000001dcb5000 JavaThread "Daemon worker Thread 31" [_thread_blocked, id=21352, stack(0x000000001f690000,0x000000001f790000)]
  0x000000001dcaf800 JavaThread "Daemon Thread 31" [_thread_blocked, id=19844, stack(0x000000001c0f0000,0x000000001c1f0000)]
  0x000000001dcac000 JavaThread "RMI TCP Accept-0" daemon [_thread_in_native, id=3868, stack(0x0000000038480000,0x0000000038580000)]
  0x000000002348c000 JavaThread "RMI TCP Accept-0" daemon [_thread_in_native, id=1784, stack(0x000000002d330000,0x000000002d430000)]
  0x000000001ff60800 JavaThread "MarlinRenderer Disposer" daemon [_thread_blocked, id=15544, stack(0x00000000309b0000,0x0000000030ab0000)]
  0x000000001ff5e000 JavaThread "Java2D Disposer" daemon [_thread_blocked, id=9044, stack(0x00000000308b0000,0x00000000309b0000)]
  0x000000001ff5f800 JavaThread "Cache worker for Java compile cache (C:\Users\THINK PRO\.gradle\caches\5.4.1\javaCompile)" [_thread_blocked, id=13376, stack(0x000000002f2b0000,0x000000002f3b0000)]
  0x00000000237e7800 JavaThread "RMI TCP Accept-0" daemon [_thread_in_native, id=13380, stack(0x000000002d640000,0x000000002d740000)]
  0x00000000237e9000 JavaThread "RMI Scheduler(0)" daemon [_thread_blocked, id=7860, stack(0x000000001f390000,0x000000001f490000)]
  0x000000001dcb0800 JavaThread "Cache worker for file content cache (C:\Users\THINK PRO\.gradle\caches\5.4.1\fileContent)" [_thread_blocked, id=10328, stack(0x000000002a260000,0x000000002a360000)]
  0x000000001b148800 JavaThread "Memory manager" [_thread_blocked, id=11768, stack(0x0000000024b90000,0x0000000024c90000)]
  0x0000000019e3d800 JavaThread "Cache worker for execution history cache (C:\Users\THINK PRO\.gradle\caches\5.4.1\executionHistory)" [_thread_blocked, id=20532, stack(0x0000000020e30000,0x0000000020f30000)]
  0x0000000019e3f000 JavaThread "Cache worker for journal cache (C:\Users\THINK PRO\.gradle\caches\journal-1)" [_thread_blocked, id=21440, stack(0x000000001ccf0000,0x000000001cdf0000)]
  0x0000000019e3b000 JavaThread "File lock request listener" [_thread_in_native, id=20784, stack(0x000000001cbf0000,0x000000001ccf0000)]
  0x0000000019e65800 JavaThread "Cache worker for file hash cache (C:\Users\THINK PRO\.gradle\caches\5.4.1\fileHashes)" [_thread_blocked, id=18152, stack(0x000000001caf0000,0x000000001cbf0000)]
  0x000000001a1cd000 JavaThread "Daemon periodic checks" [_thread_blocked, id=17692, stack(0x000000001bff0000,0x000000001c0f0000)]
  0x000000001a447000 JavaThread "Incoming local TCP Connector on port 58081" [_thread_in_native, id=21416, stack(0x000000001bd80000,0x000000001be80000)]
  0x000000001a1bb800 JavaThread "Daemon health stats" [_thread_blocked, id=18612, stack(0x000000001b740000,0x000000001b840000)]
  0x00000000180f1000 JavaThread "Service Thread" daemon [_thread_blocked, id=21192, stack(0x0000000018d60000,0x0000000018e60000)]
  0x0000000018065800 JavaThread "C1 CompilerThread3" daemon [_thread_blocked, id=21388, stack(0x0000000018c60000,0x0000000018d60000)]
=>0x0000000018061800 JavaThread "C2 CompilerThread2" daemon [_thread_in_native, id=21428, stack(0x0000000018b60000,0x0000000018c60000)]
  0x000000001805d000 JavaThread "C2 CompilerThread1" daemon [_thread_in_native, id=3792, stack(0x0000000018a60000,0x0000000018b60000)]
  0x0000000018059800 JavaThread "C2 CompilerThread0" daemon [_thread_in_native, id=4372, stack(0x0000000018960000,0x0000000018a60000)]
  0x0000000018058800 JavaThread "Attach Listener" daemon [_thread_blocked, id=12736, stack(0x0000000018860000,0x0000000018960000)]
  0x0000000018057000 JavaThread "Signal Dispatcher" daemon [_thread_blocked, id=15592, stack(0x0000000018760000,0x0000000018860000)]
  0x0000000016222000 JavaThread "Finalizer" daemon [_thread_blocked, id=20176, stack(0x0000000018530000,0x0000000018630000)]
  0x0000000002457800 JavaThread "Reference Handler" daemon [_thread_blocked, id=7336, stack(0x0000000018430000,0x0000000018530000)]
  0x0000000002362800 JavaThread "main" [_thread_blocked, id=14532, stack(0x0000000002240000,0x0000000002340000)]

Other Threads:
  0x0000000016216800 VMThread [stack: 0x0000000017f30000,0x0000000018030000] [id=1280]
  0x00000000180f1800 WatcherThread [stack: 0x0000000018e60000,0x0000000018f60000] [id=12408]

VM state:not at safepoint (normal execution)

VM Mutex/Monitor currently owned by a thread: None

heap address: 0x00000000a0000000, size: 1536 MB, Compressed Oops mode: 32-bit
Narrow klass base: 0x0000000000000000, Narrow klass shift: 3
Compressed class space size: 1073741824 Address: 0x0000000100000000

Heap:
 PSYoungGen      total 445440K, used 346599K [0x00000000e0000000, 0x00000000ffb80000, 0x0000000100000000)
  eden space 377344K, 88% used [0x00000000e0000000,0x00000000f46ee7e8,0x00000000f7080000)
  from space 68096K, 17% used [0x00000000f7080000,0x00000000f7c0b7c8,0x00000000fb300000)
  to   space 63488K, 0% used [0x00000000fbd80000,0x00000000fbd80000,0x00000000ffb80000)
 ParOldGen       total 453120K, used 255506K [0x00000000a0000000, 0x00000000bba80000, 0x00000000e0000000)
  object space 453120K, 56% used [0x00000000a0000000,0x00000000af984900,0x00000000bba80000)
 Metaspace       used 335955K, capacity 348930K, committed 352552K, reserved 1357824K
  class space    used 40384K, capacity 42651K, committed 43304K, reserved 1048576K

Card table byte_map: [0x0000000011820000,0x0000000011b30000] byte_map_base: 0x0000000011320000

Marking Bits: (ParMarkBitMap*) 0x0000000061549f30
 Begin Bits: [0x0000000012530000, 0x0000000013d30000)
 End Bits:   [0x0000000013d30000, 0x0000000015530000)

Polling page: 0x00000000021e0000

CodeCache: size=245760Kb used=166552Kb max_used=167657Kb free=79207Kb
 bounds [0x0000000002460000, 0x000000000c9b0000, 0x0000000011460000]
 total_blobs=45080 nmethods=44006 adapters=984
 compilation: enabled

Compilation events (10 events):
Event: 30507.346 Thread 0x0000000018065800 59918       2       com.android.tools.r8.ir.code.d::c (11 bytes)
Event: 30507.347 Thread 0x0000000018065800 nmethod 59918 0x000000000c589f10 code [0x000000000c58a080, 0x000000000c58a248]
Event: 30507.358 Thread 0x0000000018065800 59919       2       com.android.tools.r8.ir.conversion.I::a (108 bytes)
Event: 30507.361 Thread 0x0000000018065800 nmethod 59919 0x000000000c226c90 code [0x000000000c226ea0, 0x000000000c227768]
Event: 30507.361 Thread 0x0000000018065800 59920       2       com.android.tools.r8.utils.InternalOptions::a (43 bytes)
Event: 30507.362 Thread 0x0000000018065800 nmethod 59920 0x000000000b942710 code [0x000000000b942860, 0x000000000b9429d0]
Event: 30507.387 Thread 0x0000000018061800 nmethod 59907 0x000000000bffc910 code [0x000000000bffd060, 0x000000000c002ec8]
Event: 30507.388 Thread 0x0000000018061800 59455       4       com.android.tools.r8.ir.code.Value::a (186 bytes)
Event: 30507.640 Thread 0x0000000018065800 59923       2       com.android.tools.r8.ir.code.w::b (34 bytes)
Event: 30507.641 Thread 0x0000000018065800 nmethod 59923 0x000000000c24f450 code [0x000000000c24f5a0, 0x000000000c24f710]

GC Heap History (10 events):
Event: 30495.926 GC heap before
{Heap before GC invocations=156 (full 11):
 PSYoungGen      total 423424K, used 363578K [0x00000000e0000000, 0x00000000ff180000, 0x0000000100000000)
  eden space 345600K, 100% used [0x00000000e0000000,0x00000000f5180000,0x00000000f5180000)
  from space 77824K, 23% used [0x00000000fa580000,0x00000000fb70ea30,0x00000000ff180000)
  to   space 81920K, 0% used [0x00000000f5180000,0x00000000f5180000,0x00000000fa180000)
 ParOldGen       total 453120K, used 216500K [0x00000000a0000000, 0x00000000bba80000, 0x00000000e0000000)
  object space 453120K, 47% used [0x00000000a0000000,0x00000000ad36d270,0x00000000bba80000)
 Metaspace       used 334969K, capacity 347916K, committed 351656K, reserved 1357824K
  class space    used 40243K, capacity 42494K, committed 43176K, reserved 1048576K
Event: 30495.957 GC heap after
Heap after GC invocations=156 (full 11):
 PSYoungGen      total 427520K, used 5200K [0x00000000e0000000, 0x00000000ffe00000, 0x0000000100000000)
  eden space 345600K, 0% used [0x00000000e0000000,0x00000000e0000000,0x00000000f5180000)
  from space 81920K, 6% used [0x00000000f5180000,0x00000000f5694020,0x00000000fa180000)
  to   space 78848K, 0% used [0x00000000fb100000,0x00000000fb100000,0x00000000ffe00000)
 ParOldGen       total 453120K, used 232197K [0x00000000a0000000, 0x00000000bba80000, 0x00000000e0000000)
  object space 453120K, 51% used [0x00000000a0000000,0x00000000ae2c17e8,0x00000000bba80000)
 Metaspace       used 334969K, capacity 347916K, committed 351656K, reserved 1357824K
  class space    used 40243K, capacity 42494K, committed 43176K, reserved 1048576K
}
Event: 30496.629 GC heap before
{Heap before GC invocations=157 (full 11):
 PSYoungGen      total 427520K, used 350800K [0x00000000e0000000, 0x00000000ffe00000, 0x0000000100000000)
  eden space 345600K, 100% used [0x00000000e0000000,0x00000000f5180000,0x00000000f5180000)
  from space 81920K, 6% used [0x00000000f5180000,0x00000000f5694020,0x00000000fa180000)
  to   space 78848K, 0% used [0x00000000fb100000,0x00000000fb100000,0x00000000ffe00000)
 ParOldGen       total 453120K, used 232197K [0x00000000a0000000, 0x00000000bba80000, 0x00000000e0000000)
  object space 453120K, 51% used [0x00000000a0000000,0x00000000ae2c17e8,0x00000000bba80000)
 Metaspace       used 334996K, capacity 347920K, committed 351656K, reserved 1357824K
  class space    used 40243K, capacity 42494K, committed 43176K, reserved 1048576K
Event: 30496.652 GC heap after
Heap after GC invocations=157 (full 11):
 PSYoungGen      total 434176K, used 6340K [0x00000000e0000000, 0x00000000ff600000, 0x0000000100000000)
  eden space 363520K, 0% used [0x00000000e0000000,0x00000000e0000000,0x00000000f6300000)
  from space 70656K, 8% used [0x00000000fb100000,0x00000000fb731278,0x00000000ff600000)
  to   space 75264K, 0% used [0x00000000f6300000,0x00000000f6300000,0x00000000fac80000)
 ParOldGen       total 453120K, used 236495K [0x00000000a0000000, 0x00000000bba80000, 0x00000000e0000000)
  object space 453120K, 52% used [0x00000000a0000000,0x00000000ae6f3d28,0x00000000bba80000)
 Metaspace       used 334996K, capacity 347920K, committed 351656K, reserved 1357824K
  class space    used 40243K, capacity 42494K, committed 43176K, reserved 1048576K
}
Event: 30497.635 GC heap before
{Heap before GC invocations=158 (full 11):
 PSYoungGen      total 434176K, used 369860K [0x00000000e0000000, 0x00000000ff600000, 0x0000000100000000)
  eden space 363520K, 100% used [0x00000000e0000000,0x00000000f6300000,0x00000000f6300000)
  from space 70656K, 8% used [0x00000000fb100000,0x00000000fb731278,0x00000000ff600000)
  to   space 75264K, 0% used [0x00000000f6300000,0x00000000f6300000,0x00000000fac80000)
 ParOldGen       total 453120K, used 236495K [0x00000000a0000000, 0x00000000bba80000, 0x00000000e0000000)
  object space 453120K, 52% used [0x00000000a0000000,0x00000000ae6f3d28,0x00000000bba80000)
 Metaspace       used 335028K, capacity 347926K, committed 351656K, reserved 1357824K
  class space    used 40244K, capacity 42495K, committed 43176K, reserved 1048576K
Event: 30497.658 GC heap after
Heap after GC invocations=158 (full 11):
 PSYoungGen      total 438784K, used 8038K [0x00000000e0000000, 0x00000000ffd80000, 0x0000000100000000)
  eden space 363520K, 0% used [0x00000000e0000000,0x00000000e0000000,0x00000000f6300000)
  from space 75264K, 10% used [0x00000000f6300000,0x00000000f6ad9b60,0x00000000fac80000)
  to   space 71680K, 0% used [0x00000000fb780000,0x00000000fb780000,0x00000000ffd80000)
 ParOldGen       total 453120K, used 242439K [0x00000000a0000000, 0x00000000bba80000, 0x00000000e0000000)
  object space 453120K, 53% used [0x00000000a0000000,0x00000000aecc1d28,0x00000000bba80000)
 Metaspace       used 335028K, capacity 347926K, committed 351656K, reserved 1357824K
  class space    used 40244K, capacity 42495K, committed 43176K, reserved 1048576K
}
Event: 30498.838 GC heap before
{Heap before GC invocations=159 (full 11):
 PSYoungGen      total 438784K, used 371558K [0x00000000e0000000, 0x00000000ffd80000, 0x0000000100000000)
  eden space 363520K, 100% used [0x00000000e0000000,0x00000000f6300000,0x00000000f6300000)
  from space 75264K, 10% used [0x00000000f6300000,0x00000000f6ad9b60,0x00000000fac80000)
  to   space 71680K, 0% used [0x00000000fb780000,0x00000000fb780000,0x00000000ffd80000)
 ParOldGen       total 453120K, used 242439K [0x00000000a0000000, 0x00000000bba80000, 0x00000000e0000000)
  object space 453120K, 53% used [0x00000000a0000000,0x00000000aecc1d28,0x00000000bba80000)
 Metaspace       used 335115K, capacity 348008K, committed 351656K, reserved 1357824K
  class space    used 40246K, capacity 42498K, committed 43176K, reserved 1048576K
Event: 30498.862 GC heap after
Heap after GC invocations=159 (full 11):
 PSYoungGen      total 440832K, used 6240K [0x00000000e0000000, 0x00000000ff580000, 0x0000000100000000)
  eden space 377344K, 0% used [0x00000000e0000000,0x00000000e0000000,0x00000000f7080000)
  from space 63488K, 9% used [0x00000000fb780000,0x00000000fbd98000,0x00000000ff580000)
  to   space 68096K, 0% used [0x00000000f7080000,0x00000000f7080000,0x00000000fb300000)
 ParOldGen       total 453120K, used 249514K [0x00000000a0000000, 0x00000000bba80000, 0x00000000e0000000)
  object space 453120K, 55% used [0x00000000a0000000,0x00000000af3aa8e0,0x00000000bba80000)
 Metaspace       used 335115K, capacity 348008K, committed 351656K, reserved 1357824K
  class space    used 40246K, capacity 42498K, committed 43176K, reserved 1048576K
}
Event: 30501.945 GC heap before
{Heap before GC invocations=160 (full 11):
 PSYoungGen      total 440832K, used 383584K [0x00000000e0000000, 0x00000000ff580000, 0x0000000100000000)
  eden space 377344K, 100% used [0x00000000e0000000,0x00000000f7080000,0x00000000f7080000)
  from space 63488K, 9% used [0x00000000fb780000,0x00000000fbd98000,0x00000000ff580000)
  to   space 68096K, 0% used [0x00000000f7080000,0x00000000f7080000,0x00000000fb300000)
 ParOldGen       total 453120K, used 249514K [0x00000000a0000000, 0x00000000bba80000, 0x00000000e0000000)
  object space 453120K, 55% used [0x00000000a0000000,0x00000000af3aa8e0,0x00000000bba80000)
 Metaspace       used 335687K, capacity 348620K, committed 352296K, reserved 1357824K
  class space    used 40340K, capacity 42594K, committed 43304K, reserved 1048576K
Event: 30501.969 GC heap after
Heap after GC invocations=160 (full 11):
 PSYoungGen      total 445440K, used 11821K [0x00000000e0000000, 0x00000000ffb80000, 0x0000000100000000)
  eden space 377344K, 0% used [0x00000000e0000000,0x00000000e0000000,0x00000000f7080000)
  from space 68096K, 17% used [0x00000000f7080000,0x00000000f7c0b7c8,0x00000000fb300000)
  to   space 63488K, 0% used [0x00000000fbd80000,0x00000000fbd80000,0x00000000ffb80000)
 ParOldGen       total 453120K, used 255506K [0x00000000a0000000, 0x00000000bba80000, 0x00000000e0000000)
  object space 453120K, 56% used [0x00000000a0000000,0x00000000af984900,0x00000000bba80000)
 Metaspace       used 335687K, capacity 348620K, committed 352296K, reserved 1357824K
  class space    used 40340K, capacity 42594K, committed 43304K, reserved 1048576K
}

Deoptimization events (10 events):
Event: 30497.450 Thread 0x000000001b141000 Uncommon trap: reason=null_check action=make_not_entrant pc=0x000000000338af4c method=com.android.tools.r8.ir.analysis.type.ArrayTypeLatticeElement.getOrCreateVariant(Lcom/android/tools/r8/ir/analysis/type/Nullability;)Lcom/android/tools/r8/ir/analysis/ty
Event: 30497.668 Thread 0x000000001b143800 Uncommon trap: reason=class_check action=maybe_recompile pc=0x000000000bc96dbc method=com.android.tools.r8.ir.conversion.U.a(Lcom/android/tools/r8/ir/conversion/T;)Z @ 4
Event: 30497.668 Thread 0x000000001b143800 Uncommon trap: reason=class_check action=maybe_recompile pc=0x000000000bc96dbc method=com.android.tools.r8.ir.conversion.U.a(Lcom/android/tools/r8/ir/conversion/T;)Z @ 4
Event: 30497.668 Thread 0x000000001b143800 Uncommon trap: reason=class_check action=maybe_recompile pc=0x000000000bc96dbc method=com.android.tools.r8.ir.conversion.U.a(Lcom/android/tools/r8/ir/conversion/T;)Z @ 4
Event: 30497.683 Thread 0x0000000029b77000 Uncommon trap: reason=predicate action=maybe_recompile pc=0x000000000bedea48 method=com.android.tools.r8.ir.optimize.PeepholeOptimizer.a(Lcom/android/tools/r8/ir/code/IRCode;Lcom/android/tools/r8/ir/regalloc/RegisterAllocator;I)V @ 338
Event: 30497.689 Thread 0x000000001b143800 Uncommon trap: reason=class_check action=maybe_recompile pc=0x000000000c6419e4 method=com.android.tools.r8.ir.analysis.g.e.b(Lcom/android/tools/r8/ir/code/Instruction;)V @ 241
Event: 30498.280 Thread 0x000000001b143800 Uncommon trap: reason=class_check action=maybe_recompile pc=0x000000000c6419e4 method=com.android.tools.r8.ir.analysis.g.e.b(Lcom/android/tools/r8/ir/code/Instruction;)V @ 241
Event: 30498.578 Thread 0x000000001b141000 Uncommon trap: reason=unstable_if action=reinterpret pc=0x000000000baf0560 method=com.android.tools.r8.dex.DexOutputBuffer.j(I)V @ 8
Event: 30499.132 Thread 0x0000000029b71800 Uncommon trap: reason=unstable_if action=reinterpret pc=0x00000000055c676c method=java.util.Base64$Encoder.encode0([BII[B)I @ 348
Event: 30501.426 Thread 0x000000001b143800 Uncommon trap: reason=unstable_if action=reinterpret pc=0x000000000c79c500 method=com.android.tools.r8.ir.code.w.<init>(Lcom/android/tools/r8/ir/code/IRCode;Lcom/android/tools/r8/ir/code/w$a;)V @ 462

Classes redefined (0 events):
No events

Internal exceptions (10 events):
Event: 30503.022 Thread 0x0000000029b71800 Exception <a 'java/lang/NoSuchMethodError': <clinit>> (0x00000000e3480e78) thrown at [D:\src\AOSP-openjdk-cygwin\jdk8u\hotspot\src\share\vm\prims\jni.cpp, line 1614]
Event: 30503.024 Thread 0x0000000029b71800 Exception <a 'java/lang/NoSuchMethodError': <clinit>> (0x00000000e348efa8) thrown at [D:\src\AOSP-openjdk-cygwin\jdk8u\hotspot\src\share\vm\prims\jni.cpp, line 1614]
Event: 30503.514 Thread 0x0000000029b71800 Exception <a 'java/lang/NoSuchMethodError': <clinit>> (0x00000000e34a2d78) thrown at [D:\src\AOSP-openjdk-cygwin\jdk8u\hotspot\src\share\vm\prims\jni.cpp, line 1614]
Event: 30503.538 Thread 0x000000001ff62800 Exception <a 'java/lang/InterruptedException'> (0x00000000e43dde50) thrown at [D:\src\AOSP-openjdk-cygwin\jdk8u\hotspot\src\share\vm\runtime\objectMonitor.cpp, line 1680]
Event: 30503.562 Thread 0x0000000029b71800 Exception <a 'java/lang/NoSuchMethodError': <clinit>> (0x00000000e43802f8) thrown at [D:\src\AOSP-openjdk-cygwin\jdk8u\hotspot\src\share\vm\prims\jni.cpp, line 1614]
Event: 30503.564 Thread 0x0000000029b71800 Exception <a 'java/lang/NoSuchMethodError': <clinit>> (0x00000000e438e1a0) thrown at [D:\src\AOSP-openjdk-cygwin\jdk8u\hotspot\src\share\vm\prims\jni.cpp, line 1614]
Event: 30503.566 Thread 0x0000000029b71800 Exception <a 'java/lang/NoSuchMethodError': <clinit>> (0x00000000e43a2048) thrown at [D:\src\AOSP-openjdk-cygwin\jdk8u\hotspot\src\share\vm\prims\jni.cpp, line 1614]
Event: 30503.583 Thread 0x0000000029b71800 Exception <a 'java/lang/NoSuchMethodError': <clinit>> (0x00000000e43d6f40) thrown at [D:\src\AOSP-openjdk-cygwin\jdk8u\hotspot\src\share\vm\prims\jni.cpp, line 1614]
Event: 30503.640 Thread 0x0000000029b71800 Exception <a 'java/lang/NoSuchMethodError': <clinit>> (0x00000000e4963a18) thrown at [D:\src\AOSP-openjdk-cygwin\jdk8u\hotspot\src\share\vm\prims\jni.cpp, line 1614]
Event: 30503.647 Thread 0x0000000029b71800 Exception <a 'java/lang/NoSuchMethodError': <clinit>> (0x00000000e4a13c20) thrown at [D:\src\AOSP-openjdk-cygwin\jdk8u\hotspot\src\share\vm\prims\jni.cpp, line 1614]

Events (10 events):
Event: 30507.718 Thread 0x000000001b143800 DEOPT PACKING pc=0x000000000c2cfdb8 sp=0x00000000407cc6a0
Event: 30507.718 Thread 0x000000001b143800 DEOPT UNPACKING pc=0x00000000024a75d0 sp=0x00000000407cc5e0 mode 0
Event: 30507.749 Thread 0x000000001b143800 DEOPT PACKING pc=0x000000000c0855ca sp=0x00000000407cc5f0
Event: 30507.749 Thread 0x000000001b143800 DEOPT UNPACKING pc=0x00000000024a75d0 sp=0x00000000407cc510 mode 0
Event: 30507.756 Thread 0x000000001b143800 DEOPT PACKING pc=0x000000000c0c71a5 sp=0x00000000407cc2b0
Event: 30507.756 Thread 0x000000001b143800 DEOPT UNPACKING pc=0x00000000024a75d0 sp=0x00000000407cc320 mode 0
Event: 30507.768 Thread 0x000000001b143800 DEOPT PACKING pc=0x000000000a7d2780 sp=0x00000000407cc460
Event: 30507.768 Thread 0x000000001b143800 DEOPT UNPACKING pc=0x00000000024a75d0 sp=0x00000000407cc318 mode 0
Event: 30507.769 Thread 0x000000001b143800 DEOPT PACKING pc=0x000000000bfb7b9c sp=0x00000000407cc2f0
Event: 30507.769 Thread 0x000000001b143800 DEOPT UNPACKING pc=0x00000000024a75d0 sp=0x00000000407cc300 mode 0


Dynamic libraries:
0x00007ff79bc40000 - 0x00007ff79bc71000 	C:\Program Files\Android\Android Studio\jre\bin\java.exe
0x00007ffb25420000 - 0x00007ffb25610000 	C:\WINDOWS\SYSTEM32\ntdll.dll
0x00007ffb0fa60000 - 0x00007ffb0fa73000 	C:\Program Files\AVAST Software\Avast\aswhook.dll
0x00007ffb23a20000 - 0x00007ffb23ad2000 	C:\WINDOWS\System32\KERNEL32.DLL
0x00007ffb229d0000 - 0x00007ffb22c73000 	C:\WINDOWS\System32\KERNELBASE.dll
0x00007ffb23970000 - 0x00007ffb23a13000 	C:\WINDOWS\System32\ADVAPI32.dll
0x00007ffb24e80000 - 0x00007ffb24f1e000 	C:\WINDOWS\System32\msvcrt.dll
0x00007ffb24500000 - 0x00007ffb24597000 	C:\WINDOWS\System32\sechost.dll
0x00007ffb24670000 - 0x00007ffb24790000 	C:\WINDOWS\System32\RPCRT4.dll
0x00007ffb24050000 - 0x00007ffb241e4000 	C:\WINDOWS\System32\USER32.dll
0x00007ffb223d0000 - 0x00007ffb223f1000 	C:\WINDOWS\System32\win32u.dll
0x00007ffb24f20000 - 0x00007ffb24f46000 	C:\WINDOWS\System32\GDI32.dll
0x00007ffb22830000 - 0x00007ffb229c4000 	C:\WINDOWS\System32\gdi32full.dll
0x00007ffb22680000 - 0x00007ffb2271e000 	C:\WINDOWS\System32\msvcp_win.dll
0x00007ffb22580000 - 0x00007ffb2267a000 	C:\WINDOWS\System32\ucrtbase.dll
0x00007ffb02af0000 - 0x00007ffb02d75000 	C:\WINDOWS\WinSxS\amd64_microsoft.windows.common-controls_6595b64144ccf1df_6.0.18362.778_none_e6c6b761130d4fb8\COMCTL32.dll
0x00007ffb25020000 - 0x00007ffb25356000 	C:\WINDOWS\System32\combase.dll
0x00007ffb23450000 - 0x00007ffb234d0000 	C:\WINDOWS\System32\bcryptPrimitives.dll
0x00007ffb23f50000 - 0x00007ffb23f7e000 	C:\WINDOWS\System32\IMM32.DLL
0x0000000060ca0000 - 0x0000000060d72000 	C:\Program Files\Android\Android Studio\jre\jre\bin\msvcr100.dll
0x0000000060d80000 - 0x00000000615c6000 	C:\Program Files\Android\Android Studio\jre\jre\bin\server\jvm.dll
0x00007ffb24040000 - 0x00007ffb24048000 	C:\WINDOWS\System32\PSAPI.DLL
0x00007ffb0e9e0000 - 0x00007ffb0e9e9000 	C:\WINDOWS\SYSTEM32\WSOCK32.dll
0x00007ffb241f0000 - 0x00007ffb2425f000 	C:\WINDOWS\System32\WS2_32.dll
0x00007ffb191a0000 - 0x00007ffb191c4000 	C:\WINDOWS\SYSTEM32\WINMM.dll
0x00007ffb15a30000 - 0x00007ffb15a3a000 	C:\WINDOWS\SYSTEM32\VERSION.dll
0x00007ffb19170000 - 0x00007ffb1919d000 	C:\WINDOWS\SYSTEM32\WINMMBASE.dll
0x00007ffb23400000 - 0x00007ffb2344a000 	C:\WINDOWS\System32\cfgmgr32.dll
0x00007ffb1b590000 - 0x00007ffb1b59f000 	C:\Program Files\Android\Android Studio\jre\jre\bin\verify.dll
0x00007ffafbf60000 - 0x00007ffafbf89000 	C:\Program Files\Android\Android Studio\jre\jre\bin\java.dll
0x00007ffb0fa20000 - 0x00007ffb0fa36000 	C:\Program Files\Android\Android Studio\jre\jre\bin\zip.dll
0x00007ffb24790000 - 0x00007ffb24e75000 	C:\WINDOWS\System32\SHELL32.dll
0x00007ffb23540000 - 0x00007ffb235e9000 	C:\WINDOWS\System32\shcore.dll
0x00007ffb22c80000 - 0x00007ffb23400000 	C:\WINDOWS\System32\windows.storage.dll
0x00007ffb22330000 - 0x00007ffb22353000 	C:\WINDOWS\System32\profapi.dll
0x00007ffb22360000 - 0x00007ffb223aa000 	C:\WINDOWS\System32\powrprof.dll
0x00007ffb222e0000 - 0x00007ffb222f0000 	C:\WINDOWS\System32\UMPDC.dll
0x00007ffb23fe0000 - 0x00007ffb24032000 	C:\WINDOWS\System32\shlwapi.dll
0x00007ffb222f0000 - 0x00007ffb22301000 	C:\WINDOWS\System32\kernel.appcore.dll
0x00007ffb223b0000 - 0x00007ffb223c7000 	C:\WINDOWS\System32\cryptsp.dll
0x00007ffb0d140000 - 0x00007ffb0d15a000 	C:\Program Files\Android\Android Studio\jre\jre\bin\net.dll
0x00007ffb21b00000 - 0x00007ffb21b67000 	C:\WINDOWS\system32\mswsock.dll
0x00007ffafc1c0000 - 0x00007ffafc1d1000 	C:\Program Files\Android\Android Studio\jre\jre\bin\nio.dll
0x00007ffafa0b0000 - 0x00007ffafa0d6000 	C:\Users\THINK PRO\.gradle\native\29\windows-amd64\native-platform.dll
0x00007ffb158e0000 - 0x00007ffb158ed000 	C:\Program Files\Android\Android Studio\jre\jre\bin\management.dll
0x00007ffb21680000 - 0x00007ffb216b3000 	C:\WINDOWS\system32\rsaenh.dll
0x00007ffb22550000 - 0x00007ffb22576000 	C:\WINDOWS\System32\bcrypt.dll
0x00007ffb221d0000 - 0x00007ffb221f5000 	C:\WINDOWS\SYSTEM32\USERENV.dll
0x00007ffb21c80000 - 0x00007ffb21c8c000 	C:\WINDOWS\SYSTEM32\CRYPTBASE.dll
0x00007ffb21820000 - 0x00007ffb2185a000 	C:\WINDOWS\SYSTEM32\IPHLPAPI.DLL
0x00007ffb24660000 - 0x00007ffb24668000 	C:\WINDOWS\System32\NSI.dll
0x00007ffb18920000 - 0x00007ffb18936000 	C:\WINDOWS\SYSTEM32\dhcpcsvc6.DLL
0x00007ffb185e0000 - 0x00007ffb185fc000 	C:\WINDOWS\SYSTEM32\dhcpcsvc.DLL
0x00007ffb21860000 - 0x00007ffb2192a000 	C:\WINDOWS\SYSTEM32\DNSAPI.dll
0x00007ffafbeb0000 - 0x00007ffafbed4000 	C:\Program Files\Android\Android Studio\jre\jre\bin\sunec.dll
0x00007ffb128b0000 - 0x00007ffb128ba000 	C:\Windows\System32\rasadhlp.dll
0x00007ffb16d70000 - 0x00007ffb16de7000 	C:\WINDOWS\System32\fwpuclnt.dll
0x00007ffb02d80000 - 0x00007ffb02d8b000 	C:\Program Files\Android\Android Studio\jre\jre\bin\sunmscapi.dll
0x00007ffb22400000 - 0x00007ffb22549000 	C:\WINDOWS\System32\CRYPT32.dll
0x00007ffb22310000 - 0x00007ffb22322000 	C:\WINDOWS\System32\MSASN1.dll
0x00007ffb0af30000 - 0x00007ffb0af4e000 	C:\Users\THINK PRO\AppData\Local\Temp\native-platform1293410464150974433dir\native-platform.dll
0x0000000066e00000 - 0x0000000066f03000 	C:\Users\THINK PRO\AppData\Local\Temp\sqlite-3.25.2-424189e5-9278-478c-b8d4-f95060f4d7bd-sqlitejdbc.dll
0x000000002e950000 - 0x000000002ea53000 	C:\Users\THINK PRO\AppData\Local\Temp\sqlite-3.25.2-8b427640-f01b-47d3-8129-718de356906c-sqlitejdbc.dll
0x00007ffac25c0000 - 0x00007ffac275c000 	C:\Program Files\Android\Android Studio\jre\jre\bin\awt.dll
0x00007ffb24f50000 - 0x00007ffb25014000 	C:\WINDOWS\System32\OLEAUT32.dll
0x00007ffb206b0000 - 0x00007ffb206dd000 	C:\WINDOWS\SYSTEM32\dwmapi.dll
0x00007ffb1a690000 - 0x00007ffb1ac50000 	C:\WINDOWS\SYSTEM32\d2d1.dll
0x00007ffb1bde0000 - 0x00007ffb1be6f000 	C:\WINDOWS\SYSTEM32\apphelp.dll
0x00007ffb1bf10000 - 0x00007ffb1bfa9000 	C:\WINDOWS\system32\uxtheme.dll
0x00007ffacd370000 - 0x00007ffacd38e000 	C:\Users\THINK PRO\AppData\Local\Temp\native-platform6091468325241158867dir\native-platform.dll
0x0000000038e20000 - 0x0000000038f23000 	C:\Users\THINK PRO\AppData\Local\Temp\sqlite-3.25.2-a21a183c-bee2-4479-8db1-8093a882a91e-sqlitejdbc.dll
0x0000000031fc0000 - 0x00000000320c3000 	C:\Users\THINK PRO\AppData\Local\Temp\sqlite-3.25.2-58b53e77-3e56-476e-9f50-dad8cd4dd416-sqlitejdbc.dll
0x0000000032950000 - 0x0000000032a53000 	C:\Users\THINK PRO\AppData\Local\Temp\sqlite-3.25.2-e0e3d5bb-1d42-41ed-b28b-e6fd7acb2387-sqlitejdbc.dll
0x000000003c570000 - 0x000000003c673000 	C:\Users\THINK PRO\AppData\Local\Temp\sqlite-3.25.2-44016c1d-93e0-4670-a06d-dd6c73e7f0d3-sqlitejdbc.dll
0x000000003a3e0000 - 0x000000003a4e3000 	C:\Users\THINK PRO\AppData\Local\Temp\sqlite-3.25.2-807684d4-ea8b-40c8-b335-1f952a248d77-sqlitejdbc.dll
0x0000000039be0000 - 0x0000000039ce3000 	C:\Users\THINK PRO\AppData\Local\Temp\sqlite-3.25.2-41769d1a-566b-42ae-936e-ad84f01b079f-sqlitejdbc.dll
0x000000003ade0000 - 0x000000003aee3000 	C:\Users\THINK PRO\AppData\Local\Temp\sqlite-3.25.2-47573a57-380c-46bc-8753-869c6470c85c-sqlitejdbc.dll
0x000000003cd80000 - 0x000000003ce83000 	C:\Users\THINK PRO\AppData\Local\Temp\sqlite-3.25.2-26324606-ca48-4d52-aa89-36e95ab26fd9-sqlitejdbc.dll
0x000000003d990000 - 0x000000003da93000 	C:\Users\THINK PRO\AppData\Local\Temp\sqlite-3.25.2-3cb5d8a8-3639-4944-80b0-433da9be806d-sqlitejdbc.dll
0x000000003bf90000 - 0x000000003c093000 	C:\Users\THINK PRO\AppData\Local\Temp\sqlite-3.25.2-5f5e96ed-30ff-4faf-ad48-6b31d9395083-sqlitejdbc.dll
0x000000003e4a0000 - 0x000000003e5a3000 	C:\Users\THINK PRO\AppData\Local\Temp\sqlite-3.25.2-9b96a7da-a14f-454e-a746-37820de78224-sqlitejdbc.dll
0x000000003ebb0000 - 0x000000003ecb3000 	C:\Users\THINK PRO\AppData\Local\Temp\sqlite-3.25.2-09587815-7d78-4e63-878b-36584964c706-sqlitejdbc.dll
0x0000000039430000 - 0x0000000039533000 	C:\Users\THINK PRO\AppData\Local\Temp\sqlite-3.25.2-2206aea0-c22a-4c21-aec1-82ee2933fe7f-sqlitejdbc.dll
0x00007ffafc0f0000 - 0x00007ffafc10e000 	C:\Users\THINK PRO\AppData\Local\Temp\native-platform2380849439611939164dir\native-platform.dll

VM Arguments:
jvm_args: -Xmx1536m -Dfile.encoding=windows-1252 -Duser.country=FR -Duser.language=fr -Duser.variant 
java_command: org.gradle.launcher.daemon.bootstrap.GradleDaemon 5.4.1
java_class_path (initial): C:\Users\THINK PRO\.gradle\wrapper\dists\gradle-5.4.1-all\3221gyojl5jsh0helicew7rwx\gradle-5.4.1\lib\gradle-launcher-5.4.1.jar
Launcher Type: SUN_STANDARD

Environment Variables:
JAVA_HOME=C:\Program Files\Java\jdk1.8.0_231
PATH=C:\Program Files (x86)\Common Files\Oracle\Java\javapath;C:\WINDOWS\system32;C:\WINDOWS;C:\WINDOWS\System32\Wbem;C:\WINDOWS\System32\WindowsPowerShell\v1.0\;C:\WINDOWS\System32\OpenSSH\;C:\Program Files\nodejs\;C:\xampp\php;C:\ProgramData\ComposerSetup\bin;C:\Program Files\Git\cmd;C:\Program Files\Git\mingw64\bin;C:\Program Files\Git\usr\bin;C:\Program Files\Java\jdk1.8.0_231\bin;C:\Program Files (x86)\CodeBlocks\MinGW\bin;C:\Program Files (x86)\GnuWin32\bin;C:\Program Files (x86)\Yarn\bin\;C:\Program Files\Docker\Docker\resources\bin;C:\ProgramData\DockerDesktop\version-bin;C:\ProgramData\chocolatey\bin;C:\Users\THINK PRO\AppData\Local\Programs\Python\Python38-32\Scripts\;C:\Users\THINK PRO\AppData\Local\Programs\Python\Python38-32\;C:\Program Files (x86)\Common Files\Oracle\Java\javapath;C:\WINDOWS\system32;C:\WINDOWS;C:\WINDOWS\System32\Wbem;C:\WINDOWS\System32\WindowsPowerShell\v1.0\;C:\WINDOWS\System32\OpenSSH\;C:\Program Files\nodejs\;C:\xampp\php;C:\ProgramData\ComposerSetup\bin;C:\Program Files\Git\cmd;C:\Program Files\Git\mingw64\bin;C:\Program Files\Git\usr\bin;C:\Program Files\Java\jdk1.8.0_231\bin;C:\Program Files (x86)\CodeBlocks\MinGW\bin;C:\Program Files (x86)\GnuWin32\bin;C:\Users\THINK PRO\AppData\Local\Microsoft\WindowsApps;C:\Program Files\JetBrains\IntelliJ IDEA 2019.3.1\bin;C:\Program Files\JetBrains\WebStorm 2019.3.1\bin;C:\Users\THINK PRO\AppData\Roaming\npm;C:\Users\THINK PRO\Documents\flutter\bin;C:\Users\THINK PRO\AppData\Roaming\Composer\vendor\bin;C:\Users\THINK PRO\AppData\Local\Programs\Microsoft VS Code\bin;C:\Users\THINK PRO\Documents\sonar-scanner-cli-4.2.0.1873-windows\sonar-scanner-4.2.0.1873-windows\bin;C:\Program Files\JetBrains\PyCharm 2019.3.1\bin;C:\sqlite;C:\Users\THINK PRO\AppData\Local\Yarn\bin
USERNAME=THINK PRO
OS=Windows_NT
PROCESSOR_IDENTIFIER=Intel64 Family 6 Model 142 Stepping 10, GenuineIntel



---------------  S Y S T E M  ---------------

OS: Windows 10.0 , 64 bit Build 18362 (10.0.18362.778)

CPU:total 8 (initial active 8) (4 cores per cpu, 2 threads per core) family 6 model 142 stepping 10, cmov, cx8, fxsr, mmx, sse, sse2, sse3, ssse3, sse4.1, sse4.2, popcnt, avx, avx2, aes, clmul, erms, rtm, 3dnowpref, lzcnt, ht, tsc, tscinvbit, bmi1, bmi2, adx

Memory: 4k page, physical 16620736k(808964k free), swap 24230164k(7216k free)

vm_info: OpenJDK 64-Bit Server VM (25.202-b03) for windows-amd64 JRE (1.8.0_202-release-1483-b03), built by "builder" with MS VC++ 10.0 (VS2010)

time: Sat May 02 08:00:03 2020
timezone: Paris, Madrid (heure d’été)
elapsed time: 30507 seconds (0d 8h 28m 27s)

